
  You can now view your Streamlit app in your browser.

  Network URL: http://118.138.236.26:8501
  External URL: http://118.138.236.26:8501

2024-07-07 20:11:08.157 
Warning: the config option 'server.enableCORS=false' is not compatible with 'server.enableXsrfProtection=true'.
As a result, 'server.enableCORS' is being overridden to 'true'.

More information:
In order to protect against CSRF attacks, we send a cookie with each request.
To do so, we must specify allowable origins, which places a restriction on
cross-origin resource sharing.

If cross origin resource sharing is required, please disable server.enableXsrfProtection.
            
2024-07-07 20:11:08.225 Port 8501 is already in use
2024-07-07 20:11:15.205 
Warning: the config option 'server.enableCORS=false' is not compatible with 'server.enableXsrfProtection=true'.
As a result, 'server.enableCORS' is being overridden to 'true'.

More information:
In order to protect against CSRF attacks, we send a cookie with each request.
To do so, we must specify allowable origins, which places a restriction on
cross-origin resource sharing.

If cross origin resource sharing is required, please disable server.enableXsrfProtection.
            
2024-07-07 20:11:15.240 Port 8501 is already in use
